<?xml version="1.0" encoding="UTF-8"?>
<coverage generated="1582859275">
  <project timestamp="1582859275">
    <package name="Rozeo\Psr7">
      <file name="/home/rozeo/Documents/php/psr-test/src/Psr7/Message.php">
        <class name="Rozeo\Psr7\Message" namespace="Rozeo\Psr7">
          <metrics complexity="16" methods="12" coveredmethods="0" conditionals="0" coveredconditionals="0" statements="54" coveredstatements="0" elements="66" coveredelements="0"/>
        </class>
        <line num="28" type="method" name="__construct" visibility="protected" complexity="1" crap="2" count="0"/>
        <line num="29" type="stmt" count="0"/>
        <line num="30" type="stmt" count="0"/>
        <line num="31" type="stmt" count="0"/>
        <line num="32" type="stmt" count="0"/>
        <line num="33" type="stmt" count="0"/>
        <line num="39" type="method" name="getProtocolVersion" visibility="protected" complexity="1" crap="2" count="0"/>
        <line num="40" type="stmt" count="0"/>
        <line num="41" type="stmt" count="0"/>
        <line num="42" type="stmt" count="0"/>
        <line num="50" type="method" name="withProtocolVersion" visibility="protected" complexity="1" crap="2" count="0"/>
        <line num="51" type="stmt" count="0"/>
        <line num="52" type="stmt" count="0"/>
        <line num="53" type="stmt" count="0"/>
        <line num="54" type="stmt" count="0"/>
        <line num="56" type="method" name="getHeaders" visibility="protected" complexity="1" crap="2" count="0"/>
        <line num="57" type="stmt" count="0"/>
        <line num="58" type="stmt" count="0"/>
        <line num="59" type="stmt" count="0"/>
        <line num="61" type="method" name="hasHeader" visibility="protected" complexity="1" crap="2" count="0"/>
        <line num="62" type="stmt" count="0"/>
        <line num="63" type="stmt" count="0"/>
        <line num="64" type="stmt" count="0"/>
        <line num="66" type="method" name="getHeader" visibility="protected" complexity="1" crap="2" count="0"/>
        <line num="67" type="stmt" count="0"/>
        <line num="68" type="stmt" count="0"/>
        <line num="69" type="stmt" count="0"/>
        <line num="71" type="method" name="getHeaderLine" visibility="protected" complexity="1" crap="2" count="0"/>
        <line num="72" type="stmt" count="0"/>
        <line num="73" type="stmt" count="0"/>
        <line num="74" type="stmt" count="0"/>
        <line num="76" type="method" name="withHeader" visibility="protected" complexity="3" crap="12" count="0"/>
        <line num="77" type="stmt" count="0"/>
        <line num="78" type="stmt" count="0"/>
        <line num="79" type="stmt" count="0"/>
        <line num="80" type="stmt" count="0"/>
        <line num="81" type="stmt" count="0"/>
        <line num="82" type="stmt" count="0"/>
        <line num="83" type="stmt" count="0"/>
        <line num="84" type="stmt" count="0"/>
        <line num="86" type="stmt" count="0"/>
        <line num="87" type="stmt" count="0"/>
        <line num="89" type="method" name="withAddedHeader" visibility="protected" complexity="3" crap="12" count="0"/>
        <line num="90" type="stmt" count="0"/>
        <line num="91" type="stmt" count="0"/>
        <line num="92" type="stmt" count="0"/>
        <line num="93" type="stmt" count="0"/>
        <line num="94" type="stmt" count="0"/>
        <line num="95" type="stmt" count="0"/>
        <line num="96" type="stmt" count="0"/>
        <line num="97" type="stmt" count="0"/>
        <line num="98" type="stmt" count="0"/>
        <line num="100" type="method" name="withoutHeader" visibility="protected" complexity="1" crap="2" count="0"/>
        <line num="101" type="stmt" count="0"/>
        <line num="102" type="stmt" count="0"/>
        <line num="103" type="stmt" count="0"/>
        <line num="104" type="stmt" count="0"/>
        <line num="106" type="method" name="getBody" visibility="public" complexity="1" crap="2" count="0"/>
        <line num="107" type="stmt" count="0"/>
        <line num="108" type="stmt" count="0"/>
        <line num="109" type="stmt" count="0"/>
        <line num="111" type="method" name="withBody" visibility="public" complexity="1" crap="2" count="0"/>
        <line num="112" type="stmt" count="0"/>
        <line num="113" type="stmt" count="0"/>
        <line num="114" type="stmt" count="0"/>
        <line num="115" type="stmt" count="0"/>
        <metrics loc="116" ncloc="97" classes="1" methods="12" coveredmethods="0" conditionals="0" coveredconditionals="0" statements="54" coveredstatements="0" elements="66" coveredelements="0"/>
      </file>
      <file name="/home/rozeo/Documents/php/psr-test/src/Psr7/Stream.php">
        <class name="Rozeo\Psr7\Stream" namespace="Rozeo\Psr7">
          <metrics complexity="24" methods="16" coveredmethods="6" conditionals="0" coveredconditionals="0" statements="41" coveredstatements="21" elements="57" coveredelements="27"/>
        </class>
        <line num="27" type="method" name="__construct" visibility="public" complexity="1" crap="1" count="6"/>
        <line num="29" type="stmt" count="6"/>
        <line num="30" type="stmt" count="6"/>
        <line num="31" type="stmt" count="6"/>
        <line num="33" type="method" name="__toString" visibility="public" complexity="1" crap="1" count="3"/>
        <line num="35" type="stmt" count="3"/>
        <line num="38" type="method" name="close" visibility="public" complexity="1" crap="2" count="0"/>
        <line num="40" type="stmt" count="0"/>
        <line num="42" type="method" name="detach" visibility="public" complexity="1" crap="2" count="0"/>
        <line num="44" type="stmt" count="0"/>
        <line num="47" type="method" name="getSize" visibility="public" complexity="1" crap="1" count="3"/>
        <line num="49" type="stmt" count="3"/>
        <line num="52" type="method" name="tell" visibility="public" complexity="1" crap="1" count="1"/>
        <line num="54" type="stmt" count="1"/>
        <line num="57" type="method" name="eof" visibility="public" complexity="1" crap="2" count="0"/>
        <line num="59" type="stmt" count="0"/>
        <line num="62" type="method" name="isSeekable" visibility="public" complexity="1" crap="2" count="0"/>
        <line num="64" type="stmt" count="0"/>
        <line num="67" type="method" name="seek" visibility="public" complexity="7" crap="21.52" count="3"/>
        <line num="69" type="stmt" count="3"/>
        <line num="72" type="stmt" count="3"/>
        <line num="73" type="stmt" count="0"/>
        <line num="75" type="stmt" count="3"/>
        <line num="76" type="stmt" count="3"/>
        <line num="79" type="stmt" count="0"/>
        <line num="80" type="stmt" count="0"/>
        <line num="82" type="stmt" count="0"/>
        <line num="83" type="stmt" count="0"/>
        <line num="86" type="stmt" count="0"/>
        <line num="87" type="stmt" count="0"/>
        <line num="89" type="stmt" count="0"/>
        <line num="90" type="stmt" count="0"/>
        <line num="93" type="stmt" count="0"/>
        <line num="96" type="stmt" count="3"/>
        <line num="99" type="method" name="rewind" visibility="public" complexity="1" crap="2" count="0"/>
        <line num="101" type="stmt" count="0"/>
        <line num="102" type="stmt" count="0"/>
        <line num="105" type="method" name="isWritable" visibility="public" complexity="1" crap="1" count="5"/>
        <line num="107" type="stmt" count="5"/>
        <line num="110" type="method" name="write" visibility="public" complexity="2" crap="2.01" count="5"/>
        <line num="112" type="stmt" count="5"/>
        <line num="113" type="stmt" count="0"/>
        <line num="116" type="stmt" count="5"/>
        <line num="118" type="stmt" count="5"/>
        <line num="119" type="stmt" count="5"/>
        <line num="120" type="stmt" count="5"/>
        <line num="122" type="stmt" count="5"/>
        <line num="125" type="method" name="isReadable" visibility="public" complexity="1" crap="1" count="1"/>
        <line num="127" type="stmt" count="1"/>
        <line num="130" type="method" name="read" visibility="public" complexity="2" crap="2.15" count="1"/>
        <line num="132" type="stmt" count="1"/>
        <line num="133" type="stmt" count="0"/>
        <line num="136" type="stmt" count="1"/>
        <line num="139" type="method" name="getContents" visibility="public" complexity="1" crap="2" count="0"/>
        <line num="141" type="stmt" count="0"/>
        <line num="144" type="method" name="getMetadata" visibility="public" complexity="1" crap="2" count="0"/>
        <line num="146" type="stmt" count="0"/>
        <metrics loc="148" ncloc="139" classes="1" methods="16" coveredmethods="6" conditionals="0" coveredconditionals="0" statements="41" coveredstatements="21" elements="57" coveredelements="27"/>
      </file>
    </package>
    <metrics files="2" loc="264" ncloc="236" classes="2" methods="28" coveredmethods="6" conditionals="0" coveredconditionals="0" statements="95" coveredstatements="21" elements="123" coveredelements="27"/>
  </project>
</coverage>
